#
# A fatal error has been detected by the Java Runtime Environment:
#
#  EXCEPTION_ACCESS_VIOLATION (0xc0000005) at pc=0x000000006df78d85, pid=13588, tid=7556
#
# JRE version: Java(TM) SE Runtime Environment (8.0_74-b02) (build 1.8.0_74-b02)
# Java VM: Java HotSpot(TM) 64-Bit Server VM (25.74-b02 mixed mode windows-amd64 compressed oops)
# Problematic frame:
# V  [jvm.dll+0x128d85]
#
# Failed to write core dump. Minidumps are not enabled by default on client versions of Windows
#
# If you would like to submit a bug report, please visit:
#   http://bugreport.java.com/bugreport/crash.jsp
#

---------------  T H R E A D  ---------------

Current thread (0x000000001edf3000):  JavaThread "JDWP Transport Listener: dt_socket" daemon [_thread_in_vm, id=7556, stack(0x0000000020cf0000,0x0000000020df0000)]

siginfo: ExceptionCode=0xc0000005, reading address 0xffffffffffffffff

Registers:
RAX=0x0000000020defa01, RBX=0x000000001edf3000, RCX=0x6c6156670000007c, RDX=0x0000000000000000
RSP=0x0000000020def9b0, RBP=0x6c6156670000007c, RSI=0x0000000020defac8, RDI=0x0000000002ccb120
R8 =0x000000001edf3000, R9 =0x0000000000000001, R10=0x0000000000000003, R11=0x0000000020def900
R12=0x0000000000000000, R13=0x000000001d0b7a28, R14=0x0000000000000000, R15=0x0000000000000000
RIP=0x000000006df78d85, EFLAGS=0x0000000000010202

Top of Stack: (sp=0x0000000020def9b0)
0x0000000020def9b0:   000000001edf3000 000000001f019380
0x0000000020def9c0:   0000000020defa78 000000006e17e33b
0x0000000020def9d0:   000000001edf3000 000000006e19ab9d
0x0000000020def9e0:   0000000000000000 000000006db89155
0x0000000020def9f0:   0000000021fc7788 000000006db9291e
0x0000000020defa00:   000000001edf3000 0000000000000000
0x0000000020defa10:   0000000000000000 0000000000000000
0x0000000020defa20:   6c6156670000007c 000000006db91a15
0x0000000020defa30:   0000000020defac8 0000000020defaa0
0x0000000020defa40:   0000000000000001 0000000021fc7788
0x0000000020defa50:   6c6156670000007c 000000006db753b3
0x0000000020defa60:   0000000020defb90 0000000000000001
0x0000000020defa70:   0000000000000001 0000000021fc7788
0x0000000020defa80:   00000000f000100a 0000000000000000
0x0000000020defa90:   0000000000000000 0000000000000000
0x0000000020defaa0:   0000000000000001 000000006db75571 

Instructions: (pc=0x000000006df78d85)
0x000000006df78d65:   cc cc cc cc cc cc cc cc cc cc cc 48 83 ec 28 48
0x000000006df78d75:   85 c9 75 07 33 c0 48 83 c4 28 c3 48 89 5c 24 20
0x000000006df78d85:   48 8b 19 48 85 db 74 20 48 83 fb 37 74 1a 48 8b
0x000000006df78d95:   13 48 8b cb ff 52 10 84 c0 74 0d 48 8b c3 48 8b 


Register to memory mapping:

RAX=0x0000000020defa01 is pointing into the stack for thread: 0x000000001edf3000
RBX=0x000000001edf3000 is a thread
RCX=0x6c6156670000007c is an unknown value
RDX=0x0000000000000000 is an unknown value
RSP=0x0000000020def9b0 is pointing into the stack for thread: 0x000000001edf3000
RBP=0x6c6156670000007c is an unknown value
RSI=0x0000000020defac8 is pointing into the stack for thread: 0x000000001edf3000
RDI=0x0000000002ccb120 is an unknown value
R8 =0x000000001edf3000 is a thread
R9 =0x0000000000000001 is an unknown value
R10=0x0000000000000003 is an unknown value
R11=0x0000000020def900 is pointing into the stack for thread: 0x000000001edf3000
R12=0x0000000000000000 is an unknown value
R13=0x000000001d0b7a28 is an unknown value
R14=0x0000000000000000 is an unknown value
R15=0x0000000000000000 is an unknown value


Stack: [0x0000000020cf0000,0x0000000020df0000],  sp=0x0000000020def9b0,  free space=1022k
Native frames: (J=compiled Java code, j=interpreted, Vv=VM code, C=native code)
V  [jvm.dll+0x128d85]
V  [jvm.dll+0x34ab9d]
C  [jdwp.dll+0x21a15]
C  [jdwp.dll+0x53b3]
C  [jdwp.dll+0x5571]
C  [jdwp.dll+0xf0a8]
C  [jdwp.dll+0x1f2d5]
C  [jdwp.dll+0x1f4aa]
V  [jvm.dll+0x1bba58]
V  [jvm.dll+0x243434]
V  [jvm.dll+0x29a27a]
C  [msvcr100.dll+0x21d9f]
C  [msvcr100.dll+0x21e3b]
C  [KERNEL32.DLL+0x1257d]
C  [ntdll.dll+0x5aa58]


---------------  P R O C E S S  ---------------

Java Threads: ( => current thread )
  0x000000001ef73800 JavaThread "Service Thread" daemon [_thread_blocked, id=12296, stack(0x0000000021cf0000,0x0000000021df0000)]
  0x000000001ee18800 JavaThread "C1 CompilerThread11" daemon [_thread_blocked, id=14340, stack(0x0000000021bf0000,0x0000000021cf0000)]
  0x000000001ee17000 JavaThread "C1 CompilerThread10" daemon [_thread_blocked, id=5916, stack(0x0000000021af0000,0x0000000021bf0000)]
  0x000000001ee14000 JavaThread "C1 CompilerThread9" daemon [_thread_blocked, id=14112, stack(0x00000000219f0000,0x0000000021af0000)]
  0x000000001eee3800 JavaThread "C1 CompilerThread8" daemon [_thread_blocked, id=18136, stack(0x00000000218f0000,0x00000000219f0000)]
  0x000000001eeb8800 JavaThread "C2 CompilerThread7" daemon [_thread_blocked, id=476, stack(0x00000000217f0000,0x00000000218f0000)]
  0x000000001eead800 JavaThread "C2 CompilerThread6" daemon [_thread_blocked, id=6996, stack(0x00000000216f0000,0x00000000217f0000)]
  0x000000001eead000 JavaThread "C2 CompilerThread5" daemon [_thread_blocked, id=9328, stack(0x00000000215f0000,0x00000000216f0000)]
  0x000000001eeac000 JavaThread "C2 CompilerThread4" daemon [_thread_blocked, id=17580, stack(0x00000000214f0000,0x00000000215f0000)]
  0x000000001eea5800 JavaThread "C2 CompilerThread3" daemon [_thread_blocked, id=15596, stack(0x00000000212f0000,0x00000000213f0000)]
  0x000000001eea2800 JavaThread "C2 CompilerThread2" daemon [_thread_blocked, id=9444, stack(0x00000000211f0000,0x00000000212f0000)]
  0x000000001ee8e000 JavaThread "C2 CompilerThread1" daemon [_thread_blocked, id=17728, stack(0x00000000210f0000,0x00000000211f0000)]
  0x000000001ee8d800 JavaThread "C2 CompilerThread0" daemon [_thread_blocked, id=9952, stack(0x0000000020ff0000,0x00000000210f0000)]
  0x000000001ee03000 JavaThread "JDWP Command Reader" daemon [_thread_in_native, id=12196, stack(0x0000000020ef0000,0x0000000020ff0000)]
  0x000000001ee00000 JavaThread "JDWP Event Helper Thread" daemon [_thread_blocked, id=19480, stack(0x0000000020df0000,0x0000000020ef0000)]
=>0x000000001edf3000 JavaThread "JDWP Transport Listener: dt_socket" daemon [_thread_in_vm, id=7556, stack(0x0000000020cf0000,0x0000000020df0000)]
  0x000000001ed9f000 JavaThread "Attach Listener" daemon [_thread_blocked, id=16788, stack(0x0000000020bf0000,0x0000000020cf0000)]
  0x000000001eded800 JavaThread "Signal Dispatcher" daemon [_thread_blocked, id=15348, stack(0x0000000020af0000,0x0000000020bf0000)]
  0x000000001ed7e000 JavaThread "Finalizer" daemon [_thread_blocked, id=10324, stack(0x00000000209f0000,0x0000000020af0000)]
  0x000000001d0b7000 JavaThread "Reference Handler" daemon [_thread_blocked, id=11372, stack(0x00000000208f0000,0x00000000209f0000)]
  0x0000000002cce800 JavaThread "main" [_thread_blocked, id=15492, stack(0x0000000002cd0000,0x0000000002dd0000)]

Other Threads:
  0x000000001ed57800 VMThread [stack: 0x00000000207f0000,0x00000000208f0000] [id=6892]
  0x000000001f022800 WatcherThread [stack: 0x0000000021df0000,0x0000000021ef0000] [id=14564]

VM state:not at safepoint (normal execution)

VM Mutex/Monitor currently owned by a thread: None

Heap:
 PSYoungGen      total 75264K, used 16837K [0x000000076c300000, 0x0000000771700000, 0x00000007c0000000)
  eden space 64512K, 26% used [0x000000076c300000,0x000000076d3715a0,0x0000000770200000)
  from space 10752K, 0% used [0x0000000770c80000,0x0000000770c80000,0x0000000771700000)
  to   space 10752K, 0% used [0x0000000770200000,0x0000000770200000,0x0000000770c80000)
 ParOldGen       total 172032K, used 0K [0x00000006c4800000, 0x00000006cf000000, 0x000000076c300000)
  object space 172032K, 0% used [0x00000006c4800000,0x00000006c4800000,0x00000006cf000000)
 Metaspace       used 7183K, capacity 7454K, committed 7552K, reserved 1056768K
  class space    used 769K, capacity 852K, committed 896K, reserved 1048576K

Card table byte_map: [0x0000000012500000,0x0000000012ce0000] byte_map_base: 0x000000000eedc000

Marking Bits: (ParMarkBitMap*) 0x000000006e660600
 Begin Bits: [0x0000000014120000, 0x0000000018000000)
 End Bits:   [0x0000000018000000, 0x000000001bee0000)

Polling page: 0x0000000000ea0000

CodeCache: size=245760Kb used=4065Kb max_used=4066Kb free=241694Kb
 bounds [0x0000000003140000, 0x0000000003540000, 0x0000000012140000]
 total_blobs=803 nmethods=489 adapters=232
 compilation: enabled

Compilation events (10 events):
Event: 352.524 Thread 0x000000001eee3800  485       3       org.eclipse.jdt.launching.internal.org.objectweb.asm.ClassReader::readStackMapFrame (535 bytes)
Event: 352.524 Thread 0x000000001eeac000  486       4       org.eclipse.jdt.launching.internal.org.objectweb.asm.Symbol::<init> (38 bytes)
Event: 352.524 Thread 0x000000001ee14000  487       3       org.eclipse.jdt.launching.internal.org.objectweb.asm.MethodWriter::visitCode (1 bytes)
Event: 352.524 Thread 0x000000001ee14000 nmethod 487 0x0000000003529b10 code [0x0000000003529c60, 0x0000000003529db0]
Event: 352.525 Thread 0x000000001ee18800  488       3       org.eclipse.jdt.launching.internal.org.objectweb.asm.MethodWriter::visitMaxs (60 bytes)
Event: 352.525 Thread 0x000000001ee18800 nmethod 488 0x00000000035295d0 code [0x0000000003529760, 0x0000000003529a38]
Event: 352.525 Thread 0x000000001eeac000 nmethod 486 0x0000000003527090 code [0x00000000035271c0, 0x0000000003527258]
Event: 352.525 Thread 0x000000001eee3800 nmethod 485 0x0000000003535bd0 code [0x0000000003535e40, 0x00000000035370b8]
Event: 352.525 Thread 0x000000001ee14000  489       3       org.eclipse.jdt.launching.internal.org.objectweb.asm.Handler::putExceptionTable (63 bytes)
Event: 352.525 Thread 0x000000001ee14000 nmethod 489 0x0000000003535190 code [0x0000000003535360, 0x0000000003535848]

GC Heap History (0 events):
No events

Deoptimization events (0 events):
No events

Internal exceptions (8 events):
Event: 0.017 Thread 0x0000000002cce800 Exception <a 'java/lang/NoSuchMethodError': Method sun.misc.Unsafe.defineClass(Ljava/lang/String;[BII)Ljava/lang/Class; name or signature does not match> (0x000000076c307cc0) thrown at [C:\re\workspace\8-2-build-windows-amd64-cygwin\jdk8u74\6087\hotspot\srC D•«‘?
Event: 0.017 Thread 0x0000000002cce800 Exception <a 'java/lang/NoSuchMethodError': Method sun.misc.Unsafe.prefetchRead(Ljava/lang/Object;J)V name or signature does not match> (0x000000076c307fa8) thrown at [C:\re\workspace\8-2-build-windows-amd64-cygwin\jdk8u74\6087\hotspot\src\share\vm\prims\j OäIÒ5Í?
Event: 0.228 Thread 0x0000000002cce800 Exception <a 'java/security/PrivilegedActionException'> (0x000000076ca8b938) thrown at [C:\re\workspace\8-2-build-windows-amd64-cygwin\jdk8u74\6087\hotspot\src\share\vm\prims\jvm.cpp, line 1386]
Event: 0.228 Thread 0x0000000002cce800 Exception <a 'java/security/PrivilegedActionException'> (0x000000076ca8bd30) thrown at [C:\re\workspace\8-2-build-windows-amd64-cygwin\jdk8u74\6087\hotspot\src\share\vm\prims\jvm.cpp, line 1386]
Event: 0.229 Thread 0x0000000002cce800 Exception <a 'java/security/PrivilegedActionException'> (0x000000076ca90000) thrown at [C:\re\workspace\8-2-build-windows-amd64-cygwin\jdk8u74\6087\hotspot\src\share\vm\prims\jvm.cpp, line 1386]
Event: 0.229 Thread 0x0000000002cce800 Exception <a 'java/security/PrivilegedActionException'> (0x000000076ca903f8) thrown at [C:\re\workspace\8-2-build-windows-amd64-cygwin\jdk8u74\6087\hotspot\src\share\vm\prims\jvm.cpp, line 1386]
Event: 21.348 Thread 0x0000000002cce800 Exception <a 'java/lang/NoSuchFieldError': method resolution failed> (0x000000076d10fbb8) thrown at [C:\re\workspace\8-2-build-windows-amd64-cygwin\jdk8u74\6087\hotspot\src\share\vm\prims\methodHandles.cpp, line 1146]
Event: 21.350 Thread 0x0000000002cce800 Exception <a 'java/lang/NoSuchFieldError': method resolution failed> (0x000000076d11d9d0) thrown at [C:\re\workspace\8-2-build-windows-amd64-cygwin\jdk8u74\6087\hotspot\src\share\vm\prims\methodHandles.cpp, line 1146]

Events (10 events):
Event: 352.521 Executing VM operation: GetCurrentLocation
Event: 352.521 Executing VM operation: GetCurrentLocation done
Event: 352.521 Executing VM operation: EnterInterpOnlyMode
Event: 352.521 Executing VM operation: EnterInterpOnlyMode done
Event: 352.521 Executing VM operation: ChangeSingleStep
Event: 352.521 Executing VM operation: ChangeSingleStep done
Event: 352.521 Executing VM operation: ChangeSingleStep
Event: 352.521 Executing VM operation: ChangeSingleStep done
Event: 352.526 Executing VM operation: RedefineClasses
Event: 352.527 Executing VM operation: RedefineClasses done


Dynamic libraries:
0x00007ff68a700000 - 0x00007ff68a737000 	D:\Program Files\java\JDK1.8.0_74_x64\bin\javaw.exe
0x00007ff9eccb0000 - 0x00007ff9ecec7000 	C:\WINDOWS\SYSTEM32\ntdll.dll
0x00007ff9ec2d0000 - 0x00007ff9ec394000 	C:\WINDOWS\System32\KERNEL32.DLL
0x00007ff9ea2d0000 - 0x00007ff9ea675000 	C:\WINDOWS\System32\KERNELBASE.dll
0x00007ff9ebbb0000 - 0x00007ff9ebc61000 	C:\WINDOWS\System32\ADVAPI32.dll
0x00007ff9ebca0000 - 0x00007ff9ebd47000 	C:\WINDOWS\System32\msvcrt.dll
0x00007ff9eb6f0000 - 0x00007ff9eb796000 	C:\WINDOWS\System32\sechost.dll
0x00007ff9ec580000 - 0x00007ff9ec697000 	C:\WINDOWS\System32\RPCRT4.dll
0x00007ff9ebdb0000 - 0x00007ff9ebf5e000 	C:\WINDOWS\System32\USER32.dll
0x00007ff9ea140000 - 0x00007ff9ea166000 	C:\WINDOWS\System32\win32u.dll
0x00007ff9ebc70000 - 0x00007ff9ebc99000 	C:\WINDOWS\System32\GDI32.dll
0x00007ff9ea020000 - 0x00007ff9ea139000 	C:\WINDOWS\System32\gdi32full.dll
0x00007ff9ea170000 - 0x00007ff9ea20a000 	C:\WINDOWS\System32\msvcp_win.dll
0x00007ff9ea680000 - 0x00007ff9ea791000 	C:\WINDOWS\System32\ucrtbase.dll
0x00007ff9d1bc0000 - 0x00007ff9d1e53000 	C:\WINDOWS\WinSxS\amd64_microsoft.windows.common-controls_6595b64144ccf1df_6.0.22621.2506_none_270c5ae97388e100\COMCTL32.dll
0x00007ff9ebd50000 - 0x00007ff9ebd81000 	C:\WINDOWS\System32\IMM32.DLL
0x000000006dbb0000 - 0x000000006dc82000 	D:\Program Files\java\JDK1.8.0_74_x64\jre\bin\msvcr100.dll
0x000000006de50000 - 0x000000006e6e0000 	D:\Program Files\java\JDK1.8.0_74_x64\jre\bin\server\jvm.dll
0x00007ff9ec6a0000 - 0x00007ff9ec6a8000 	C:\WINDOWS\System32\PSAPI.DLL
0x00007ff9e4f70000 - 0x00007ff9e4f79000 	C:\WINDOWS\SYSTEM32\WSOCK32.dll
0x00007ff9e24e0000 - 0x00007ff9e2514000 	C:\WINDOWS\SYSTEM32\WINMM.dll
0x00007ff9e2ab0000 - 0x00007ff9e2aba000 	C:\WINDOWS\SYSTEM32\VERSION.dll
0x00007ff9ecb70000 - 0x00007ff9ecbe1000 	C:\WINDOWS\System32\WS2_32.dll
0x000000006de40000 - 0x000000006de4f000 	D:\Program Files\java\JDK1.8.0_74_x64\jre\bin\verify.dll
0x000000006de10000 - 0x000000006de39000 	D:\Program Files\java\JDK1.8.0_74_x64\jre\bin\java.dll
0x000000006db70000 - 0x000000006dba5000 	D:\Program Files\java\JDK1.8.0_74_x64\jre\bin\jdwp.dll
0x000000006db60000 - 0x000000006db68000 	D:\Program Files\java\JDK1.8.0_74_x64\jre\bin\npt.dll
0x000000006db30000 - 0x000000006db53000 	D:\Program Files\java\JDK1.8.0_74_x64\jre\bin\instrument.dll
0x000000006ddf0000 - 0x000000006de06000 	D:\Program Files\java\JDK1.8.0_74_x64\jre\bin\zip.dll
0x00007ff9eaa00000 - 0x00007ff9eb259000 	C:\WINDOWS\System32\SHELL32.dll
0x00007ff9e7f40000 - 0x00007ff9e8834000 	C:\WINDOWS\SYSTEM32\windows.storage.dll
0x00007ff9ec6b0000 - 0x00007ff9eca39000 	C:\WINDOWS\System32\combase.dll
0x00007ff9e7e00000 - 0x00007ff9e7f3e000 	C:\WINDOWS\SYSTEM32\wintypes.dll
0x00007ff9ec3a0000 - 0x00007ff9ec493000 	C:\WINDOWS\System32\SHCORE.dll
0x00007ff9ebf60000 - 0x00007ff9ebfbe000 	C:\WINDOWS\System32\shlwapi.dll
0x00007ff9e9f50000 - 0x00007ff9e9f76000 	C:\WINDOWS\SYSTEM32\profapi.dll
0x000000006db20000 - 0x000000006db29000 	D:\Program Files\java\JDK1.8.0_74_x64\jre\bin\dt_socket.dll
0x00007ff9dcc30000 - 0x00007ff9dcc47000 	C:\WINDOWS\system32\napinsp.dll
0x00007ff9dcc10000 - 0x00007ff9dcc2b000 	C:\WINDOWS\system32\pnrpnsp.dll
0x00007ff9e94a0000 - 0x00007ff9e9509000 	C:\WINDOWS\System32\mswsock.dll
0x00007ff9e8b10000 - 0x00007ff9e8c09000 	C:\WINDOWS\SYSTEM32\DNSAPI.dll
0x00007ff9e8aa0000 - 0x00007ff9e8acd000 	C:\WINDOWS\SYSTEM32\IPHLPAPI.DLL
0x00007ff9ebd90000 - 0x00007ff9ebd99000 	C:\WINDOWS\System32\NSI.dll
0x00007ff9dce80000 - 0x00007ff9dce91000 	C:\WINDOWS\System32\winrnr.dll
0x00007ff9e20d0000 - 0x00007ff9e20e5000 	C:\WINDOWS\system32\wshbth.dll
0x00007ff9dce50000 - 0x00007ff9dce71000 	C:\WINDOWS\system32\nlansp_c.dll
0x00007ff9e1910000 - 0x00007ff9e1993000 	C:\WINDOWS\System32\fwpuclnt.dll
0x00007ff9e2fd0000 - 0x00007ff9e2fda000 	C:\Windows\System32\rasadhlp.dll
0x00007ff9e7860000 - 0x00007ff9e7a93000 	C:\WINDOWS\SYSTEM32\dbghelp.dll
0x00007ff9eb930000 - 0x00007ff9eba07000 	C:\WINDOWS\System32\OLEAUT32.dll
0x00007ff9ea7a0000 - 0x00007ff9ea81a000 	C:\WINDOWS\System32\bcryptPrimitives.dll

VM Arguments:
jvm_args: -agentlib:jdwp=transport=dt_socket,suspend=y,address=localhost:56976 -javaagent:D:\Program Files (x86)\eclipse\configuration\org.eclipse.osgi\409\0\.cp\lib\javaagent-shaded.jar -Dfile.encoding=GBK 
java_command: com.woniuxy.test.Test
java_class_path (initial): E:\EclipseWorkSpace\class107_stu_28\bin;E:\EclipseWorkSpace\class107_stu_28\lib\mysql-connector-java-5.1.37-bin.jar;D:\Program Files (x86)\eclipse\configuration\org.eclipse.osgi\409\0\.cp\lib\javaagent-shaded.jar
Launcher Type: SUN_STANDARD

Environment Variables:
JAVA_HOME=D:\Program Files\java\JDK1.8.0_74_x64
CLASSPATH=.;D:\Program Files\java\JDK1.8.0_74_x64\lib
PATH=D:/Program Files/java/JDK1.8.0_74_x64/bin/../jre/bin/server;D:/Program Files/java/JDK1.8.0_74_x64/bin/../jre/bin;D:/Program Files/java/JDK1.8.0_74_x64/bin/../jre/lib/amd64;C:\Windows\system32;C:\Windows;C:\Windows\System32\Wbem;C:\Windows\System32\WindowsPowerShell\v1.0\;C:\Windows\System32\OpenSSH\;C:\Program Files (x86)\NVIDIA Corporation\PhysX\Common;C:\WINDOWS\system32;C:\WINDOWS;C:\WINDOWS\System32\Wbem;C:\WINDOWS\System32\WindowsPowerShell\v1.0\;C:\WINDOWS\System32\OpenSSH\;C:\Program Files\NVIDIA Corporation\NVIDIA NvDLISR;C:\Program Files\IDM Computer Solutions\UltraCompare;D:\Program Files\java\JDK1.8.0_74_x64\bin;D:\Program Files\java\JDK1.8.0_74_x64\jre\bin;C:\Program Files\Common Files\Oracle\Java\javapath;C:\Program Files\MySQL\MySQL Server 8.0\bin;D:\Program Files\mysql\bin;%Tomcat%\bin;C:\Users\Â½Ô´\AppData\Local\Microsoft\WindowsApps;;D:\Program Files\IntelliJ IDEA 2022.3.2\bin;;D:\Program Files (x86)\eclipse;
USERNAME=Â½Ô´
OS=Windows_NT
PROCESSOR_IDENTIFIER=Intel64 Family 6 Model 154 Stepping 3, GenuineIntel



---------------  S Y S T E M  ---------------

OS: Windows 10.0 , 64 bit Build 22621 (10.0.22621.2506)

CPU:total 20 (10 cores per cpu, 2 threads per core) family 6 model 154 stepping 3, cmov, cx8, fxsr, mmx, sse, sse2, sse3, ssse3, sse4.1, sse4.2, popcnt, avx, avx2, aes, clmul, erms, 3dnowpref, lzcnt, ht, tsc, tscinvbit, bmi1, bmi2, adx

Memory: 4k page, physical 16474616k(9421588k free), swap 18964984k(9497300k free)

vm_info: Java HotSpot(TM) 64-Bit Server VM (25.74-b02) for windows-amd64 JRE (1.8.0_74-b02), built on Jan 29 2016 17:42:36 by "java_re" with MS VC++ 10.0 (VS2010)

time: Thu Nov 23 10:59:24 2023
elapsed time: 352 seconds (0d 0h 5m 52s)

